Timestamp: 17-Apr-20 2:10:22 PMMessage: {
  "CustIDS": [
    {
      "CustID": 2
    },
    {
      "CustID": 3
    }
  ],
  "CustID": 1,
  "CityId": 587,
  "ProductID": 31,
  "BusinessTypeIds": [
    {
      "BusinessTypeID": 1
    },
    {
      "BusinessTypeID": 2
    }
  ],
  "BusinessDemand": "Sent to 2 and 3 for 2nd Time",
  "TypeOfUse": "Home",
  "Requirements": "Sent to 2 and 3 for 2nd Time",
  "ProductPhoto": ""  
}Category: Priority: -1Severity: Information
----------------------------------
